<?xml version="1.0" encoding="UTF-8"?>
<!-- Generated by org.testng.reporters.JUnitReportReporter -->
<testsuite skipped="0" hostname="home-PC" name="scripts.RunningShoesAdd" tests="1" failures="0" timestamp="03 Aug 2018 14:06:33 GMT" time="13.077" errors="0">
  <testcase name="TC1" time="13.077" classname="scripts.RunningShoesAdd"/>
</testsuite> <!-- scripts.RunningShoesAdd -->
